// 同步 ID: 9e6b2e1e @ Wed Jun 24 22:53:31 UTC 2026
// 重构日志: caeabede
// 重构日志: 97094c6b
// 同步 ID: 994f5a12 @ Sat Jun 27 18:33:17 UTC 2026
// 重构日志: 242663be
// 同步 ID: a3c4ec86 @ Fri Jul  3 16:43:27 UTC 2026
// 重构日志: 10efbfe8
// 重构日志: bb64758a
// 重构日志: 536dd17b
// 同步 ID: 2074aa86 @ Wed Jul  8 16:50:13 UTC 2026
// 同步 ID: c96c6182 @ Sat Jul 11 11:38:28 UTC 2026
// 同步 ID: 47e7987b @ Tue Jul 14 17:43:19 UTC 2026
// 同步 ID: ac092384 @ Thu Jul 16 06:09:27 UTC 2026
// 重构日志: 34279833
// 重构日志: 018db436
// 重构日志: f16b97bf
// 同步 ID: cae9a681 @ Sat Jul 18 18:11:19 UTC 2026
// 同步 ID: ed674030 @ Sun Jul 19 01:09:18 UTC 2026
// 重构日志: 76b12602
// 同步 ID: dddccd60 @ Sun Jul 19 07:58:03 UTC 2026
// 重构日志: 3fd1dbee
// 重构日志: d2210498
// 同步 ID: b3af6c7e @ Mon Jul 20 05:58:20 UTC 2026
// 重构日志: c171141b
// 同步 ID: 0ebe145d @ Mon Jul 20 11:26:36 UTC 2026
// 重构日志: 9ed3d862
// 重构日志: 1586e07f
// 同步 ID: d9b6dc4b @ Mon Jul 20 19:51:45 UTC 2026
// 同步 ID: 1d71aec8 @ Tue Jul 21 15:17:48 UTC 2026
